<?xml version="1.0" encoding="UTF-8"?>
<testsuite xmlns:xsi="http://www.w3.org/2001/XMLSchema-instance" xsi:noNamespaceSchemaLocation="https://maven.apache.org/surefire/maven-surefire-plugin/xsd/surefire-test-report.xsd" name="hello.GreetingControllerTests" time="4.989" tests="2" errors="0" skipped="0" failures="2">
  <properties>
[...]
</properties>
  <testcase name="noParamGreetingShouldReturnDefaultMessage" classname="hello.GreetingControllerTests" time="0.231">
    <failure message="Status expected:&lt;200&gt; but was:&lt;404&gt;" type="java.lang.AssertionError"><![CDATA[java.lang.AssertionError: Status expected:<200> but was:<404>
	at hello.GreetingControllerTests.noParamGreetingShouldReturnDefaultMessage(GreetingControllerTests.java:42)
]]></failure>
    <system-out><![CDATA[15:16:50.157 [main] DEBUG org.springframework.test.context.junit4.SpringJUnit4ClassRunner - SpringJUnit4ClassRunner constructor called with [class hello.GreetingControllerTests]
15:16:50.171 [main] DEBUG org.springframework.test.context.BootstrapUtils - Instantiating CacheAwareContextLoaderDelegate from class [org.springframework.test.context.cache.DefaultCacheAwareContextLoaderDelegate]
15:16:50.183 [main] DEBUG org.springframework.test.context.BootstrapUtils - Instantiating BootstrapContext using constructor [public org.springframework.test.context.support.DefaultBootstrapContext(java.lang.Class,org.springframework.test.context.CacheAwareContextLoaderDelegate)]
15:16:50.242 [main] DEBUG org.springframework.test.context.BootstrapUtils - Instantiating TestContextBootstrapper for test class [hello.GreetingControllerTests] from class [org.springframework.boot.test.context.SpringBootTestContextBootstrapper]
15:16:50.262 [main] INFO org.springframework.boot.test.context.SpringBootTestContextBootstrapper - Neither @ContextConfiguration nor @ContextHierarchy found for test class [hello.GreetingControllerTests], using SpringBootContextLoader
15:16:50.272 [main] DEBUG org.springframework.test.context.support.AbstractContextLoader - Did not detect default resource location for test class [hello.GreetingControllerTests]: class path resource [hello/GreetingControllerTests-context.xml] does not exist
15:16:50.273 [main] DEBUG org.springframework.test.context.support.AbstractContextLoader - Did not detect default resource location for test class [hello.GreetingControllerTests]: class path resource [hello/GreetingControllerTestsContext.groovy] does not exist
15:16:50.273 [main] INFO org.springframework.test.context.support.AbstractContextLoader - Could not detect default resource locations for test class [hello.GreetingControllerTests]: no resource found for suffixes {-context.xml, Context.groovy}.
15:16:50.275 [main] INFO org.springframework.test.context.support.AnnotationConfigContextLoaderUtils - Could not detect default configuration classes for test class [hello.GreetingControllerTests]: GreetingControllerTests does not declare any static, non-private, non-final, nested classes annotated with @Configuration.
15:16:50.386 [main] DEBUG org.springframework.test.context.support.ActiveProfilesUtils - Could not find an 'annotation declaring class' for annotation type [org.springframework.test.context.ActiveProfiles] and class [hello.GreetingControllerTests]
15:16:50.396 [main] DEBUG org.springframework.core.env.StandardEnvironment - Adding PropertySource 'systemProperties' with lowest search precedence
15:16:50.396 [main] DEBUG org.springframework.core.env.StandardEnvironment - Adding PropertySource 'systemEnvironment' with lowest search precedence
15:16:50.397 [main] DEBUG org.springframework.core.env.StandardEnvironment - Initialized StandardEnvironment with PropertySources [MapPropertySource@392781299 {name='systemProperties', properties={java.runtime.name=OpenJDK Runtime Environment, sun.boot.library.path=/usr/lib64/jvm/java-1.8.0-openjdk-1.8.0/jre/lib/amd64, java.vm.version=25.161-b12, java.vm.vendor=Oracle Corporation, java.vendor.url=http://java.oracle.com/, path.separator=:, java.vm.name=OpenJDK 64-Bit Server VM, file.encoding.pkg=sun.io, user.country=US, sun.java.launcher=SUN_STANDARD, sun.os.patch.level=unknown, java.vm.specification.name=Java Virtual Machine Specification, user.dir=/home/knosence/Documents/codeBase/gs-rest-service-complete, java.runtime.version=1.8.0_161-b12, basedir=/home/knosence/Documents/codeBase/gs-rest-service-complete, java.awt.graphicsenv=sun.awt.X11GraphicsEnvironment, java.endorsed.dirs=/usr/lib64/jvm/java-1.8.0-openjdk-1.8.0/jre/lib/endorsed, os.arch=amd64, surefire.real.class.path=/home/knosence/Documents/codeBase/gs-rest-service-complete/target/surefire/surefirebooter8475968333299054501.jar, java.io.tmpdir=/tmp, line.separator=
, java.vm.specification.vendor=Oracle Corporation, os.name=Linux, sun.jnu.encoding=UTF-8, java.library.path=/usr/java/packages/lib/amd64:/usr/lib64:/lib64:/lib:/usr/lib, surefire.test.class.path=/home/knosence/Documents/codeBase/gs-rest-service-complete/target/test-classes:/home/knosence/Documents/codeBase/gs-rest-service-complete/target/classes:/home/knosence/.m2/repository/org/springframework/boot/spring-boot-starter-web/2.0.1.RELEASE/spring-boot-starter-web-2.0.1.RELEASE.jar:/home/knosence/.m2/repository/org/springframework/boot/spring-boot-starter/2.0.1.RELEASE/spring-boot-starter-2.0.1.RELEASE.jar:/home/knosence/.m2/repository/org/springframework/boot/spring-boot/2.0.1.RELEASE/spring-boot-2.0.1.RELEASE.jar:/home/knosence/.m2/repository/org/springframework/boot/spring-boot-autoconfigure/2.0.1.RELEASE/spring-boot-autoconfigure-2.0.1.RELEASE.jar:/home/knosence/.m2/repository/org/springframework/boot/spring-boot-starter-logging/2.0.1.RELEASE/spring-boot-starter-logging-2.0.1.RELEASE.jar:/home/knosence/.m2/repository/ch/qos/logback/logback-classic/1.2.3/logback-classic-1.2.3.jar:/home/knosence/.m2/repository/ch/qos/logback/logback-core/1.2.3/logback-core-1.2.3.jar:/home/knosence/.m2/repository/org/apache/logging/log4j/log4j-to-slf4j/2.10.0/log4j-to-slf4j-2.10.0.jar:/home/knosence/.m2/repository/org/apache/logging/log4j/log4j-api/2.10.0/log4j-api-2.10.0.jar:/home/knosence/.m2/repository/org/slf4j/jul-to-slf4j/1.7.25/jul-to-slf4j-1.7.25.jar:/home/knosence/.m2/repository/javax/annotation/javax.annotation-api/1.3.2/javax.annotation-api-1.3.2.jar:/home/knosence/.m2/repository/org/yaml/snakeyaml/1.19/snakeyaml-1.19.jar:/home/knosence/.m2/repository/org/springframework/boot/spring-boot-starter-json/2.0.1.RELEASE/spring-boot-starter-json-2.0.1.RELEASE.jar:/home/knosence/.m2/repository/com/fasterxml/jackson/core/jackson-databind/2.9.5/jackson-databind-2.9.5.jar:/home/knosence/.m2/repository/com/fasterxml/jackson/core/jackson-annotations/2.9.0/jackson-annotations-2.9.0.jar:/home/knosence/.m2/repository/com/fasterxml/jackson/core/jackson-core/2.9.5/jackson-core-2.9.5.jar:/home/knosence/.m2/repository/com/fasterxml/jackson/datatype/jackson-datatype-jdk8/2.9.5/jackson-datatype-jdk8-2.9.5.jar:/home/knosence/.m2/repository/com/fasterxml/jackson/datatype/jackson-datatype-jsr310/2.9.5/jackson-datatype-jsr310-2.9.5.jar:/home/knosence/.m2/repository/com/fasterxml/jackson/module/jackson-module-parameter-names/2.9.5/jackson-module-parameter-names-2.9.5.jar:/home/knosence/.m2/repository/org/springframework/boot/spring-boot-starter-tomcat/2.0.1.RELEASE/spring-boot-starter-tomcat-2.0.1.RELEASE.jar:/home/knosence/.m2/repository/org/apache/tomcat/embed/tomcat-embed-core/8.5.29/tomcat-embed-core-8.5.29.jar:/home/knosence/.m2/repository/org/apache/tomcat/embed/tomcat-embed-el/8.5.29/tomcat-embed-el-8.5.29.jar:/home/knosence/.m2/repository/org/apache/tomcat/embed/tomcat-embed-websocket/8.5.29/tomcat-embed-websocket-8.5.29.jar:/home/knosence/.m2/repository/org/hibernate/validator/hibernate-validator/6.0.9.Final/hibernate-validator-6.0.9.Final.jar:/home/knosence/.m2/repository/javax/validation/validation-api/2.0.1.Final/validation-api-2.0.1.Final.jar:/home/knosence/.m2/repository/org/jboss/logging/jboss-logging/3.3.2.Final/jboss-logging-3.3.2.Final.jar:/home/knosence/.m2/repository/com/fasterxml/classmate/1.3.4/classmate-1.3.4.jar:/home/knosence/.m2/repository/org/springframework/spring-web/5.0.5.RELEASE/spring-web-5.0.5.RELEASE.jar:/home/knosence/.m2/repository/org/springframework/spring-beans/5.0.5.RELEASE/spring-beans-5.0.5.RELEASE.jar:/home/knosence/.m2/repository/org/springframework/spring-webmvc/5.0.5.RELEASE/spring-webmvc-5.0.5.RELEASE.jar:/home/knosence/.m2/repository/org/springframework/spring-aop/5.0.5.RELEASE/spring-aop-5.0.5.RELEASE.jar:/home/knosence/.m2/repository/org/springframework/spring-context/5.0.5.RELEASE/spring-context-5.0.5.RELEASE.jar:/home/knosence/.m2/repository/org/springframework/spring-expression/5.0.5.RELEASE/spring-expression-5.0.5.RELEASE.jar:/home/knosence/.m2/repository/org/springframework/boot/spring-boot-starter-test/2.0.1.RELEASE/spring-boot-starter-test-2.0.1.RELEASE.jar:/home/knosence/.m2/repository/org/springframework/boot/spring-boot-test/2.0.1.RELEASE/spring-boot-test-2.0.1.RELEASE.jar:/home/knosence/.m2/repository/org/springframework/boot/spring-boot-test-autoconfigure/2.0.1.RELEASE/spring-boot-test-autoconfigure-2.0.1.RELEASE.jar:/home/knosence/.m2/repository/junit/junit/4.12/junit-4.12.jar:/home/knosence/.m2/repository/org/assertj/assertj-core/3.9.1/assertj-core-3.9.1.jar:/home/knosence/.m2/repository/org/mockito/mockito-core/2.15.0/mockito-core-2.15.0.jar:/home/knosence/.m2/repository/net/bytebuddy/byte-buddy/1.7.11/byte-buddy-1.7.11.jar:/home/knosence/.m2/repository/net/bytebuddy/byte-buddy-agent/1.7.11/byte-buddy-agent-1.7.11.jar:/home/knosence/.m2/repository/org/objenesis/objenesis/2.6/objenesis-2.6.jar:/home/knosence/.m2/repository/org/hamcrest/hamcrest-core/1.3/hamcrest-core-1.3.jar:/home/knosence/.m2/repository/org/hamcrest/hamcrest-library/1.3/hamcrest-library-1.3.jar:/home/knosence/.m2/repository/org/skyscreamer/jsonassert/1.5.0/jsonassert-1.5.0.jar:/home/knosence/.m2/repository/com/vaadin/external/google/android-json/0.0.20131108.vaadin1/android-json-0.0.20131108.vaadin1.jar:/home/knosence/.m2/repository/org/springframework/spring-core/5.0.5.RELEASE/spring-core-5.0.5.RELEASE.jar:/home/knosence/.m2/repository/org/springframework/spring-jcl/5.0.5.RELEASE/spring-jcl-5.0.5.RELEASE.jar:/home/knosence/.m2/repository/org/springframework/spring-test/5.0.5.RELEASE/spring-test-5.0.5.RELEASE.jar:/home/knosence/.m2/repository/org/xmlunit/xmlunit-core/2.5.1/xmlunit-core-2.5.1.jar:/home/knosence/.m2/repository/com/jayway/jsonpath/json-path/2.4.0/json-path-2.4.0.jar:/home/knosence/.m2/repository/net/minidev/json-smart/2.3/json-smart-2.3.jar:/home/knosence/.m2/repository/net/minidev/accessors-smart/1.2/accessors-smart-1.2.jar:/home/knosence/.m2/repository/org/ow2/asm/asm/5.0.4/asm-5.0.4.jar:/home/knosence/.m2/repository/org/slf4j/slf4j-api/1.7.25/slf4j-api-1.7.25.jar:, java.specification.name=Java Platform API Specification, java.class.version=52.0, sun.management.compiler=HotSpot 64-Bit Tiered Compilers, os.version=4.16.2-1-default, user.home=/home/knosence, user.timezone=America/New_York, java.awt.printerjob=sun.print.PSPrinterJob, file.encoding=UTF-8, java.specification.version=1.8, java.class.path=/home/knosence/Documents/codeBase/gs-rest-service-complete/target/test-classes:/home/knosence/Documents/codeBase/gs-rest-service-complete/target/classes:/home/knosence/.m2/repository/org/springframework/boot/spring-boot-starter-web/2.0.1.RELEASE/spring-boot-starter-web-2.0.1.RELEASE.jar:/home/knosence/.m2/repository/org/springframework/boot/spring-boot-starter/2.0.1.RELEASE/spring-boot-starter-2.0.1.RELEASE.jar:/home/knosence/.m2/repository/org/springframework/boot/spring-boot/2.0.1.RELEASE/spring-boot-2.0.1.RELEASE.jar:/home/knosence/.m2/repository/org/springframework/boot/spring-boot-autoconfigure/2.0.1.RELEASE/spring-boot-autoconfigure-2.0.1.RELEASE.jar:/home/knosence/.m2/repository/org/springframework/boot/spring-boot-starter-logging/2.0.1.RELEASE/spring-boot-starter-logging-2.0.1.RELEASE.jar:/home/knosence/.m2/repository/ch/qos/logback/logback-classic/1.2.3/logback-classic-1.2.3.jar:/home/knosence/.m2/repository/ch/qos/logback/logback-core/1.2.3/logback-core-1.2.3.jar:/home/knosence/.m2/repository/org/apache/logging/log4j/log4j-to-slf4j/2.10.0/log4j-to-slf4j-2.10.0.jar:/home/knosence/.m2/repository/org/apache/logging/log4j/log4j-api/2.10.0/log4j-api-2.10.0.jar:/home/knosence/.m2/repository/org/slf4j/jul-to-slf4j/1.7.25/jul-to-slf4j-1.7.25.jar:/home/knosence/.m2/repository/javax/annotation/javax.annotation-api/1.3.2/javax.annotation-api-1.3.2.jar:/home/knosence/.m2/repository/org/yaml/snakeyaml/1.19/snakeyaml-1.19.jar:/home/knosence/.m2/repository/org/springframework/boot/spring-boot-starter-json/2.0.1.RELEASE/spring-boot-starter-json-2.0.1.RELEASE.jar:/home/knosence/.m2/repository/com/fasterxml/jackson/core/jackson-databind/2.9.5/jackson-databind-2.9.5.jar:/home/knosence/.m2/repository/com/fasterxml/jackson/core/jackson-annotations/2.9.0/jackson-annotations-2.9.0.jar:/home/knosence/.m2/repository/com/fasterxml/jackson/core/jackson-core/2.9.5/jackson-core-2.9.5.jar:/home/knosence/.m2/repository/com/fasterxml/jackson/datatype/jackson-datatype-jdk8/2.9.5/jackson-datatype-jdk8-2.9.5.jar:/home/knosence/.m2/repository/com/fasterxml/jackson/datatype/jackson-datatype-jsr310/2.9.5/jackson-datatype-jsr310-2.9.5.jar:/home/knosence/.m2/repository/com/fasterxml/jackson/module/jackson-module-parameter-names/2.9.5/jackson-module-parameter-names-2.9.5.jar:/home/knosence/.m2/repository/org/springframework/boot/spring-boot-starter-tomcat/2.0.1.RELEASE/spring-boot-starter-tomcat-2.0.1.RELEASE.jar:/home/knosence/.m2/repository/org/apache/tomcat/embed/tomcat-embed-core/8.5.29/tomcat-embed-core-8.5.29.jar:/home/knosence/.m2/repository/org/apache/tomcat/embed/tomcat-embed-el/8.5.29/tomcat-embed-el-8.5.29.jar:/home/knosence/.m2/repository/org/apache/tomcat/embed/tomcat-embed-websocket/8.5.29/tomcat-embed-websocket-8.5.29.jar:/home/knosence/.m2/repository/org/hibernate/validator/hibernate-validator/6.0.9.Final/hibernate-validator-6.0.9.Final.jar:/home/knosence/.m2/repository/javax/validation/validation-api/2.0.1.Final/validation-api-2.0.1.Final.jar:/home/knosence/.m2/repository/org/jboss/logging/jboss-logging/3.3.2.Final/jboss-logging-3.3.2.Final.jar:/home/knosence/.m2/repository/com/fasterxml/classmate/1.3.4/classmate-1.3.4.jar:/home/knosence/.m2/repository/org/springframework/spring-web/5.0.5.RELEASE/spring-web-5.0.5.RELEASE.jar:/home/knosence/.m2/repository/org/springframework/spring-beans/5.0.5.RELEASE/spring-beans-5.0.5.RELEASE.jar:/home/knosence/.m2/repository/org/springframework/spring-webmvc/5.0.5.RELEASE/spring-webmvc-5.0.5.RELEASE.jar:/home/knosence/.m2/repository/org/springframework/spring-aop/5.0.5.RELEASE/spring-aop-5.0.5.RELEASE.jar:/home/knosence/.m2/repository/org/springframework/spring-context/5.0.5.RELEASE/spring-context-5.0.5.RELEASE.jar:/home/knosence/.m2/repository/org/springframework/spring-expression/5.0.5.RELEASE/spring-expression-5.0.5.RELEASE.jar:/home/knosence/.m2/repository/org/springframework/boot/spring-boot-starter-test/2.0.1.RELEASE/spring-boot-starter-test-2.0.1.RELEASE.jar:/home/knosence/.m2/repository/org/springframework/boot/spring-boot-test/2.0.1.RELEASE/spring-boot-test-2.0.1.RELEASE.jar:/home/knosence/.m2/repository/org/springframework/boot/spring-boot-test-autoconfigure/2.0.1.RELEASE/spring-boot-test-autoconfigure-2.0.1.RELEASE.jar:/home/knosence/.m2/repository/junit/junit/4.12/junit-4.12.jar:/home/knosence/.m2/repository/org/assertj/assertj-core/3.9.1/assertj-core-3.9.1.jar:/home/knosence/.m2/repository/org/mockito/mockito-core/2.15.0/mockito-core-2.15.0.jar:/home/knosence/.m2/repository/net/bytebuddy/byte-buddy/1.7.11/byte-buddy-1.7.11.jar:/home/knosence/.m2/repository/net/bytebuddy/byte-buddy-agent/1.7.11/byte-buddy-agent-1.7.11.jar:/home/knosence/.m2/repository/org/objenesis/objenesis/2.6/objenesis-2.6.jar:/home/knosence/.m2/repository/org/hamcrest/hamcrest-core/1.3/hamcrest-core-1.3.jar:/home/knosence/.m2/repository/org/hamcrest/hamcrest-library/1.3/hamcrest-library-1.3.jar:/home/knosence/.m2/repository/org/skyscreamer/jsonassert/1.5.0/jsonassert-1.5.0.jar:/home/knosence/.m2/repository/com/vaadin/external/google/android-json/0.0.20131108.vaadin1/android-json-0.0.20131108.vaadin1.jar:/home/knosence/.m2/repository/org/springframework/spring-core/5.0.5.RELEASE/spring-core-5.0.5.RELEASE.jar:/home/knosence/.m2/repository/org/springframework/spring-jcl/5.0.5.RELEASE/spring-jcl-5.0.5.RELEASE.jar:/home/knosence/.m2/repository/org/springframework/spring-test/5.0.5.RELEASE/spring-test-5.0.5.RELEASE.jar:/home/knosence/.m2/repository/org/xmlunit/xmlunit-core/2.5.1/xmlunit-core-2.5.1.jar:/home/knosence/.m2/repository/com/jayway/jsonpath/json-path/2.4.0/json-path-2.4.0.jar:/home/knosence/.m2/repository/net/minidev/json-smart/2.3/json-smart-2.3.jar:/home/knosence/.m2/repository/net/minidev/accessors-smart/1.2/accessors-smart-1.2.jar:/home/knosence/.m2/repository/org/ow2/asm/asm/5.0.4/asm-5.0.4.jar:/home/knosence/.m2/repository/org/slf4j/slf4j-api/1.7.25/slf4j-api-1.7.25.jar:, user.name=knosence, java.vm.specification.version=1.8, sun.java.command=/home/knosence/Documents/codeBase/gs-rest-service-complete/target/surefire/surefirebooter8475968333299054501.jar /home/knosence/Documents/codeBase/gs-rest-service-complete/target/surefire 2018-04-25T15-16-49_057-jvmRun1 surefire7006320313366381139tmp surefire_05218722564751455194tmp, java.home=/usr/lib64/jvm/java-1.8.0-openjdk-1.8.0/jre, sun.arch.data.model=64, user.language=en, java.specification.vendor=Oracle Corporation, awt.toolkit=sun.awt.X11.XToolkit, java.vm.info=mixed mode, java.version=1.8.0_161, java.ext.dirs=/usr/lib64/jvm/java-1.8.0-openjdk-1.8.0/jre/lib/ext:/usr/java/packages/lib/ext, sun.boot.class.path=/usr/lib64/jvm/java-1.8.0-openjdk-1.8.0/jre/lib/resources.jar:/usr/lib64/jvm/java-1.8.0-openjdk-1.8.0/jre/lib/rt.jar:/usr/lib64/jvm/java-1.8.0-openjdk-1.8.0/jre/lib/sunrsasign.jar:/usr/lib64/jvm/java-1.8.0-openjdk-1.8.0/jre/lib/jsse.jar:/usr/lib64/jvm/java-1.8.0-openjdk-1.8.0/jre/lib/jce.jar:/usr/lib64/jvm/java-1.8.0-openjdk-1.8.0/jre/lib/charsets.jar:/usr/lib64/jvm/java-1.8.0-openjdk-1.8.0/jre/lib/jfr.jar:/usr/lib64/jvm/java-1.8.0-openjdk-1.8.0/jre/classes, java.vendor=Oracle Corporation, localRepository=/home/knosence/.m2/repository, file.separator=/, java.vendor.url.bug=http://bugreport.sun.com/bugreport/, sun.io.unicode.encoding=UnicodeLittle, sun.cpu.endian=little, sun.cpu.isalist=}}, SystemEnvironmentPropertySource@1822383117 {name='systemEnvironment', properties={PATH=/home/knosence/bin:/usr/local/bin:/usr/bin:/bin:/usr/lib/mit/sbin, XAUTHORITY=/home/knosence/.local/share/sddm/.Xauthority, XMODIFIERS=@im=local, XDG_DATA_DIRS=/home/knosence/.local/share/flatpak/exports/share:/var/lib/flatpak/exports/share:/usr/local/share:/usr/share, CONFIG_SITE=/usr/share/site/x86_64-unknown-linux-gnu, WINDOWMANAGER=/usr/bin/startkde, GTK_IM_MODULE=cedilla, CPU=x86_64, HOST=linux-gz59, DBUS_SESSION_BUS_ADDRESS=unix:path=/run/user/1000/bus, JRE_HOME=/usr/lib64/jvm/java/jre, XSESSION_IS_UP=yes, XDG_CURRENT_DESKTOP=KDE, MACHTYPE=x86_64-suse-linux, QT_AUTO_SCREEN_SCALE_FACTOR=0, G_FILENAME_ENCODING=@locale,UTF-8,ISO-8859-15,CP1252, MAIL=/var/spool/mail/knosence, SSH_AGENT_PID=2168, MINICOM=-c on, QT_SYSTEM_DIR=/usr/share/desktop-data, COLORTERM=1, CSHEDIT=emacs, XAUTHLOCALHOSTNAME=linux-gz59, SESSION_MANAGER=local/linux-gz59:@/tmp/.ICE-unix/2209,unix/linux-gz59:/tmp/.ICE-unix/2209, LS_OPTIONS=-N --color=tty -T 0, OSTYPE=linux, LOGNAME=knosence, ALSA_CONFIG_PATH=/etc/alsa-pulse.conf, JDK_HOME=/usr/lib64/jvm/java, PWD=/home/knosence/Documents/codeBase/gs-rest-service-complete, XCURSOR_THEME=breeze_cursors, KDE_SESSION_VERSION=5, LESSOPEN=lessopen.sh %s, SHELL=/bin/bash, PAGER=less, HOSTTYPE=x86_64, OLDPWD=/home/knosence/Documents/codeBase/gs-rest-service-complete, KDE_FULL_SESSION=true, GTK_MODULES=canberra-gtk-module, SSH_ASKPASS=/usr/lib/ssh/ssh-askpass, XDG_SESSION_PATH=/org/freedesktop/DisplayManager/Session2, LESS=-M -I -R, LC_CTYPE=en_US.UTF-8, XDG_SESSION_DESKTOP=KDE, LS_COLORS=no=00:fi=00:di=01;34:ln=00;36:pi=40;33:so=01;35:do=01;35:bd=40;33;01:cd=40;33;01:or=41;33;01:ex=00;32:*.cmd=00;32:*.exe=01;32:*.com=01;32:*.bat=01;32:*.btm=01;32:*.dll=01;32:*.tar=00;31:*.tbz=00;31:*.tgz=00;31:*.rpm=00;31:*.deb=00;31:*.arj=00;31:*.taz=00;31:*.lzh=00;31:*.lzma=00;31:*.zip=00;31:*.zoo=00;31:*.z=00;31:*.Z=00;31:*.gz=00;31:*.bz2=00;31:*.tb2=00;31:*.tz2=00;31:*.tbz2=00;31:*.xz=00;31:*.avi=01;35:*.bmp=01;35:*.dl=01;35:*.fli=01;35:*.gif=01;35:*.gl=01;35:*.jpg=01;35:*.jpeg=01;35:*.mkv=01;35:*.mng=01;35:*.mov=01;35:*.mp4=01;35:*.mpg=01;35:*.pcx=01;35:*.pbm=01;35:*.pgm=01;35:*.png=01;35:*.ppm=01;35:*.svg=01;35:*.tga=01;35:*.tif=01;35:*.webm=01;35:*.webp=01;35:*.wmv=01;35:*.xbm=01;35:*.xcf=01;35:*.xpm=01;35:*.aiff=00;32:*.ape=00;32:*.au=00;32:*.flac=00;32:*.m4a=00;32:*.mid=00;32:*.mp3=00;32:*.mpc=00;32:*.ogg=00;32:*.voc=00;32:*.wav=00;32:*.wma=00;32:*.wv=00;32:, BASH_FUNC_generate_command_executed_sequence%%=() {  printf '\e\7'
}, SHLVL=5, LESSCLOSE=lessclose.sh %s %s, QEMU_AUDIO_DRV=pa, MANPATH=/usr/local/man:/usr/share/man, QT_IM_MODULE=xim, HISTSIZE=1000, JAVA_BINDIR=/usr/lib64/jvm/java/bin, JAVA_ROOT=/usr/lib64/jvm/java, SDL_AUDIODRIVER=pulse, JAVA_HOME=/usr/lib64/jvm/java, KDE_SESSION_UID=1000, TERM=xterm-256color, XDG_CONFIG_DIRS=/etc/xdg, XDG_SEAT_PATH=/org/freedesktop/DisplayManager/Seat0, AUDIODRIVER=pulseaudio, LANG=en_US.UTF-8, XDG_SESSION_TYPE=x11, XDG_SESSION_ID=2, G_BROKEN_FILENAMES=1, GROOVY_HOME=/usr/share/groovy, DISPLAY=:0, PYTHONSTARTUP=/etc/pythonstart, LESSKEY=/etc/lesskey.bin, XNLSPATH=/usr/share/X11/nls, QT_IM_SWITCHER=imsw-multi, NNTPSERVER=news, FROM_HEADER=, MAVEN_CMD_LINE_ARGS= clean package, _=/usr/lib64/jvm/java-1.8.0-openjdk-1.8.0/jre/bin/java, XDG_SESSION_CLASS=user, SDK_HOME=/usr/lib64/jvm/java, PROFILEREAD=true, CVS_RSH=ssh, MAVEN_PROJECTBASEDIR=/home/knosence/Documents/codeBase/gs-rest-service-complete, DESKTOP_SESSION=/usr/share/xsessions/plasma5, GPG_TTY=/dev/pts/1, USER=knosence, XDG_SEAT=seat0, MORE=-sl, SSH_AUTH_SOCK=/tmp/ssh-BeYJWP2wwoQK/agent.2125, HOSTNAME=linux-gz59, GS_LIB=/home/knosence/.fonts, XKEYSYMDB=/usr/X11R6/lib/X11/XKeysymDB, LESS_ADVANCED_PREPROCESSOR=no, XDG_RUNTIME_DIR=/run/user/1000, XDG_VTNR=7, HOME=/home/knosence}}]
15:16:50.418 [main] DEBUG org.springframework.core.io.support.PathMatchingResourcePatternResolver - Resolved classpath location [hello/] to resources [URL [file:/home/knosence/Documents/codeBase/gs-rest-service-complete/target/test-classes/hello/], URL [file:/home/knosence/Documents/codeBase/gs-rest-service-complete/target/classes/hello/]]
15:16:50.419 [main] DEBUG org.springframework.core.io.support.PathMatchingResourcePatternResolver - Looking for matching resources in directory tree [/home/knosence/Documents/codeBase/gs-rest-service-complete/target/test-classes/hello]
15:16:50.419 [main] DEBUG org.springframework.core.io.support.PathMatchingResourcePatternResolver - Searching directory [/home/knosence/Documents/codeBase/gs-rest-service-complete/target/test-classes/hello] for files matching pattern [/home/knosence/Documents/codeBase/gs-rest-service-complete/target/test-classes/hello/*.class]
15:16:50.427 [main] DEBUG org.springframework.core.io.support.PathMatchingResourcePatternResolver - Looking for matching resources in directory tree [/home/knosence/Documents/codeBase/gs-rest-service-complete/target/classes/hello]
15:16:50.427 [main] DEBUG org.springframework.core.io.support.PathMatchingResourcePatternResolver - Searching directory [/home/knosence/Documents/codeBase/gs-rest-service-complete/target/classes/hello] for files matching pattern [/home/knosence/Documents/codeBase/gs-rest-service-complete/target/classes/hello/*.class]
15:16:50.429 [main] DEBUG org.springframework.core.io.support.PathMatchingResourcePatternResolver - Resolved location pattern [classpath*:hello/*.class] to resources [file [/home/knosence/Documents/codeBase/gs-rest-service-complete/target/test-classes/hello/GreetingControllerTests.class], file [/home/knosence/Documents/codeBase/gs-rest-service-complete/target/classes/hello/Application.class]]
15:16:50.545 [main] DEBUG org.springframework.context.annotation.ClassPathScanningCandidateComponentProvider - Identified candidate component class: file [/home/knosence/Documents/codeBase/gs-rest-service-complete/target/classes/hello/Application.class]
15:16:50.549 [main] INFO org.springframework.boot.test.context.SpringBootTestContextBootstrapper - Found @SpringBootConfiguration hello.Application for test class hello.GreetingControllerTests
15:16:50.747 [main] DEBUG org.springframework.boot.test.context.SpringBootTestContextBootstrapper - @TestExecutionListeners is not present for class [hello.GreetingControllerTests]: using defaults.
15:16:50.748 [main] INFO org.springframework.boot.test.context.SpringBootTestContextBootstrapper - Loaded default TestExecutionListener class names from location [META-INF/spring.factories]: [org.springframework.boot.test.mock.mockito.MockitoTestExecutionListener, org.springframework.boot.test.mock.mockito.ResetMocksTestExecutionListener, org.springframework.boot.test.autoconfigure.restdocs.RestDocsTestExecutionListener, org.springframework.boot.test.autoconfigure.web.client.MockRestServiceServerResetTestExecutionListener, org.springframework.boot.test.autoconfigure.web.servlet.MockMvcPrintOnlyOnFailureTestExecutionListener, org.springframework.boot.test.autoconfigure.web.servlet.WebDriverTestExecutionListener, org.springframework.test.context.web.ServletTestExecutionListener, org.springframework.test.context.support.DirtiesContextBeforeModesTestExecutionListener, org.springframework.test.context.support.DependencyInjectionTestExecutionListener, org.springframework.test.context.support.DirtiesContextTestExecutionListener, org.springframework.test.context.transaction.TransactionalTestExecutionListener, org.springframework.test.context.jdbc.SqlScriptsTestExecutionListener]
15:16:50.773 [main] DEBUG org.springframework.boot.test.context.SpringBootTestContextBootstrapper - Skipping candidate TestExecutionListener [org.springframework.test.context.transaction.TransactionalTestExecutionListener] due to a missing dependency. Specify custom listener classes or make the default listener classes and their required dependencies available. Offending class: [org/springframework/transaction/TransactionDefinition]
15:16:50.774 [main] DEBUG org.springframework.boot.test.context.SpringBootTestContextBootstrapper - Skipping candidate TestExecutionListener [org.springframework.test.context.jdbc.SqlScriptsTestExecutionListener] due to a missing dependency. Specify custom listener classes or make the default listener classes and their required dependencies available. Offending class: [org/springframework/transaction/interceptor/TransactionAttribute]
15:16:50.774 [main] INFO org.springframework.boot.test.context.SpringBootTestContextBootstrapper - Using TestExecutionListeners: [org.springframework.test.context.web.ServletTestExecutionListener@5fe94a96, org.springframework.test.context.support.DirtiesContextBeforeModesTestExecutionListener@443118b0, org.springframework.boot.test.mock.mockito.MockitoTestExecutionListener@765d7657, org.springframework.boot.test.autoconfigure.SpringBootDependencyInjectionTestExecutionListener@74235045, org.springframework.test.context.support.DirtiesContextTestExecutionListener@618b19ad, org.springframework.boot.test.mock.mockito.ResetMocksTestExecutionListener@2d3379b4, org.springframework.boot.test.autoconfigure.restdocs.RestDocsTestExecutionListener@30c15d8b, org.springframework.boot.test.autoconfigure.web.client.MockRestServiceServerResetTestExecutionListener@5e0e82ae, org.springframework.boot.test.autoconfigure.web.servlet.MockMvcPrintOnlyOnFailureTestExecutionListener@6771beb3, org.springframework.boot.test.autoconfigure.web.servlet.WebDriverTestExecutionListener@51399530]
15:16:50.777 [main] DEBUG org.springframework.test.annotation.ProfileValueUtils - Retrieved @ProfileValueSourceConfiguration [null] for test class [hello.GreetingControllerTests]
15:16:50.778 [main] DEBUG org.springframework.test.annotation.ProfileValueUtils - Retrieved ProfileValueSource type [class org.springframework.test.annotation.SystemProfileValueSource] for class [hello.GreetingControllerTests]
15:16:50.780 [main] DEBUG org.springframework.test.annotation.ProfileValueUtils - Retrieved @ProfileValueSourceConfiguration [null] for test class [hello.GreetingControllerTests]
15:16:50.780 [main] DEBUG org.springframework.test.annotation.ProfileValueUtils - Retrieved ProfileValueSource type [class org.springframework.test.annotation.SystemProfileValueSource] for class [hello.GreetingControllerTests]
15:16:50.781 [main] DEBUG org.springframework.test.annotation.ProfileValueUtils - Retrieved @ProfileValueSourceConfiguration [null] for test class [hello.GreetingControllerTests]
15:16:50.782 [main] DEBUG org.springframework.test.annotation.ProfileValueUtils - Retrieved ProfileValueSource type [class org.springframework.test.annotation.SystemProfileValueSource] for class [hello.GreetingControllerTests]
15:16:50.787 [main] DEBUG org.springframework.test.context.support.AbstractDirtiesContextTestExecutionListener - Before test class: context [DefaultTestContext@22ff4249 testClass = GreetingControllerTests, testInstance = [null], testMethod = [null], testException = [null], mergedContextConfiguration = [WebMergedContextConfiguration@2d1ef81a testClass = GreetingControllerTests, locations = '{}', classes = '{class hello.Application}', contextInitializerClasses = '[]', activeProfiles = '{}', propertySourceLocations = '{}', propertySourceProperties = '{org.springframework.boot.test.context.SpringBootTestContextBootstrapper=true}', contextCustomizers = set[[ImportsContextCustomizer@4c402120 key = [org.springframework.boot.test.autoconfigure.web.servlet.MockMvcAutoConfiguration, org.springframework.boot.test.autoconfigure.web.servlet.MockMvcSecurityAutoConfiguration, org.springframework.boot.test.autoconfigure.web.servlet.MockMvcWebClientAutoConfiguration, org.springframework.boot.test.autoconfigure.web.servlet.MockMvcWebDriverAutoConfiguration]], org.springframework.boot.test.context.filter.ExcludeFilterContextCustomizer@10dba097, org.springframework.boot.test.json.DuplicateJsonObjectContextCustomizerFactory$DuplicateJsonObjectContextCustomizer@eb21112, org.springframework.boot.test.mock.mockito.MockitoContextCustomizer@0, org.springframework.boot.test.web.client.TestRestTemplateContextCustomizer@31f924f5, org.springframework.boot.test.autoconfigure.properties.PropertyMappingContextCustomizer@e7e8512, org.springframework.boot.test.autoconfigure.web.servlet.WebDriverContextCustomizerFactory$Customizer@587c290d], resourceBasePath = 'src/main/webapp', contextLoader = 'org.springframework.boot.test.context.SpringBootContextLoader', parent = [null]], attributes = map['org.springframework.test.context.web.ServletTestExecutionListener.activateListener' -> true]], class annotated with @DirtiesContext [false] with mode [null].
15:16:50.788 [main] DEBUG org.springframework.test.annotation.ProfileValueUtils - Retrieved @ProfileValueSourceConfiguration [null] for test class [hello.GreetingControllerTests]
15:16:50.789 [main] DEBUG org.springframework.test.annotation.ProfileValueUtils - Retrieved ProfileValueSource type [class org.springframework.test.annotation.SystemProfileValueSource] for class [hello.GreetingControllerTests]
15:16:50.814 [main] DEBUG org.springframework.core.env.StandardEnvironment - Adding PropertySource 'systemProperties' with lowest search precedence
15:16:50.814 [main] DEBUG org.springframework.core.env.StandardEnvironment - Adding PropertySource 'systemEnvironment' with lowest search precedence
15:16:50.815 [main] DEBUG org.springframework.core.env.StandardEnvironment - Initialized StandardEnvironment with PropertySources [MapPropertySource@607207372 {name='systemProperties', properties={java.runtime.name=OpenJDK Runtime Environment, sun.boot.library.path=/usr/lib64/jvm/java-1.8.0-openjdk-1.8.0/jre/lib/amd64, java.vm.version=25.161-b12, java.vm.vendor=Oracle Corporation, java.vendor.url=http://java.oracle.com/, path.separator=:, java.vm.name=OpenJDK 64-Bit Server VM, file.encoding.pkg=sun.io, user.country=US, sun.java.launcher=SUN_STANDARD, sun.os.patch.level=unknown, java.vm.specification.name=Java Virtual Machine Specification, user.dir=/home/knosence/Documents/codeBase/gs-rest-service-complete, java.runtime.version=1.8.0_161-b12, basedir=/home/knosence/Documents/codeBase/gs-rest-service-complete, java.awt.graphicsenv=sun.awt.X11GraphicsEnvironment, java.endorsed.dirs=/usr/lib64/jvm/java-1.8.0-openjdk-1.8.0/jre/lib/endorsed, os.arch=amd64, surefire.real.class.path=/home/knosence/Documents/codeBase/gs-rest-service-complete/target/surefire/surefirebooter8475968333299054501.jar, java.io.tmpdir=/tmp, line.separator=
, java.vm.specification.vendor=Oracle Corporation, os.name=Linux, sun.jnu.encoding=UTF-8, java.library.path=/usr/java/packages/lib/amd64:/usr/lib64:/lib64:/lib:/usr/lib, surefire.test.class.path=/home/knosence/Documents/codeBase/gs-rest-service-complete/target/test-classes:/home/knosence/Documents/codeBase/gs-rest-service-complete/target/classes:/home/knosence/.m2/repository/org/springframework/boot/spring-boot-starter-web/2.0.1.RELEASE/spring-boot-starter-web-2.0.1.RELEASE.jar:/home/knosence/.m2/repository/org/springframework/boot/spring-boot-starter/2.0.1.RELEASE/spring-boot-starter-2.0.1.RELEASE.jar:/home/knosence/.m2/repository/org/springframework/boot/spring-boot/2.0.1.RELEASE/spring-boot-2.0.1.RELEASE.jar:/home/knosence/.m2/repository/org/springframework/boot/spring-boot-autoconfigure/2.0.1.RELEASE/spring-boot-autoconfigure-2.0.1.RELEASE.jar:/home/knosence/.m2/repository/org/springframework/boot/spring-boot-starter-logging/2.0.1.RELEASE/spring-boot-starter-logging-2.0.1.RELEASE.jar:/home/knosence/.m2/repository/ch/qos/logback/logback-classic/1.2.3/logback-classic-1.2.3.jar:/home/knosence/.m2/repository/ch/qos/logback/logback-core/1.2.3/logback-core-1.2.3.jar:/home/knosence/.m2/repository/org/apache/logging/log4j/log4j-to-slf4j/2.10.0/log4j-to-slf4j-2.10.0.jar:/home/knosence/.m2/repository/org/apache/logging/log4j/log4j-api/2.10.0/log4j-api-2.10.0.jar:/home/knosence/.m2/repository/org/slf4j/jul-to-slf4j/1.7.25/jul-to-slf4j-1.7.25.jar:/home/knosence/.m2/repository/javax/annotation/javax.annotation-api/1.3.2/javax.annotation-api-1.3.2.jar:/home/knosence/.m2/repository/org/yaml/snakeyaml/1.19/snakeyaml-1.19.jar:/home/knosence/.m2/repository/org/springframework/boot/spring-boot-starter-json/2.0.1.RELEASE/spring-boot-starter-json-2.0.1.RELEASE.jar:/home/knosence/.m2/repository/com/fasterxml/jackson/core/jackson-databind/2.9.5/jackson-databind-2.9.5.jar:/home/knosence/.m2/repository/com/fasterxml/jackson/core/jackson-annotations/2.9.0/jackson-annotations-2.9.0.jar:/home/knosence/.m2/repository/com/fasterxml/jackson/core/jackson-core/2.9.5/jackson-core-2.9.5.jar:/home/knosence/.m2/repository/com/fasterxml/jackson/datatype/jackson-datatype-jdk8/2.9.5/jackson-datatype-jdk8-2.9.5.jar:/home/knosence/.m2/repository/com/fasterxml/jackson/datatype/jackson-datatype-jsr310/2.9.5/jackson-datatype-jsr310-2.9.5.jar:/home/knosence/.m2/repository/com/fasterxml/jackson/module/jackson-module-parameter-names/2.9.5/jackson-module-parameter-names-2.9.5.jar:/home/knosence/.m2/repository/org/springframework/boot/spring-boot-starter-tomcat/2.0.1.RELEASE/spring-boot-starter-tomcat-2.0.1.RELEASE.jar:/home/knosence/.m2/repository/org/apache/tomcat/embed/tomcat-embed-core/8.5.29/tomcat-embed-core-8.5.29.jar:/home/knosence/.m2/repository/org/apache/tomcat/embed/tomcat-embed-el/8.5.29/tomcat-embed-el-8.5.29.jar:/home/knosence/.m2/repository/org/apache/tomcat/embed/tomcat-embed-websocket/8.5.29/tomcat-embed-websocket-8.5.29.jar:/home/knosence/.m2/repository/org/hibernate/validator/hibernate-validator/6.0.9.Final/hibernate-validator-6.0.9.Final.jar:/home/knosence/.m2/repository/javax/validation/validation-api/2.0.1.Final/validation-api-2.0.1.Final.jar:/home/knosence/.m2/repository/org/jboss/logging/jboss-logging/3.3.2.Final/jboss-logging-3.3.2.Final.jar:/home/knosence/.m2/repository/com/fasterxml/classmate/1.3.4/classmate-1.3.4.jar:/home/knosence/.m2/repository/org/springframework/spring-web/5.0.5.RELEASE/spring-web-5.0.5.RELEASE.jar:/home/knosence/.m2/repository/org/springframework/spring-beans/5.0.5.RELEASE/spring-beans-5.0.5.RELEASE.jar:/home/knosence/.m2/repository/org/springframework/spring-webmvc/5.0.5.RELEASE/spring-webmvc-5.0.5.RELEASE.jar:/home/knosence/.m2/repository/org/springframework/spring-aop/5.0.5.RELEASE/spring-aop-5.0.5.RELEASE.jar:/home/knosence/.m2/repository/org/springframework/spring-context/5.0.5.RELEASE/spring-context-5.0.5.RELEASE.jar:/home/knosence/.m2/repository/org/springframework/spring-expression/5.0.5.RELEASE/spring-expression-5.0.5.RELEASE.jar:/home/knosence/.m2/repository/org/springframework/boot/spring-boot-starter-test/2.0.1.RELEASE/spring-boot-starter-test-2.0.1.RELEASE.jar:/home/knosence/.m2/repository/org/springframework/boot/spring-boot-test/2.0.1.RELEASE/spring-boot-test-2.0.1.RELEASE.jar:/home/knosence/.m2/repository/org/springframework/boot/spring-boot-test-autoconfigure/2.0.1.RELEASE/spring-boot-test-autoconfigure-2.0.1.RELEASE.jar:/home/knosence/.m2/repository/junit/junit/4.12/junit-4.12.jar:/home/knosence/.m2/repository/org/assertj/assertj-core/3.9.1/assertj-core-3.9.1.jar:/home/knosence/.m2/repository/org/mockito/mockito-core/2.15.0/mockito-core-2.15.0.jar:/home/knosence/.m2/repository/net/bytebuddy/byte-buddy/1.7.11/byte-buddy-1.7.11.jar:/home/knosence/.m2/repository/net/bytebuddy/byte-buddy-agent/1.7.11/byte-buddy-agent-1.7.11.jar:/home/knosence/.m2/repository/org/objenesis/objenesis/2.6/objenesis-2.6.jar:/home/knosence/.m2/repository/org/hamcrest/hamcrest-core/1.3/hamcrest-core-1.3.jar:/home/knosence/.m2/repository/org/hamcrest/hamcrest-library/1.3/hamcrest-library-1.3.jar:/home/knosence/.m2/repository/org/skyscreamer/jsonassert/1.5.0/jsonassert-1.5.0.jar:/home/knosence/.m2/repository/com/vaadin/external/google/android-json/0.0.20131108.vaadin1/android-json-0.0.20131108.vaadin1.jar:/home/knosence/.m2/repository/org/springframework/spring-core/5.0.5.RELEASE/spring-core-5.0.5.RELEASE.jar:/home/knosence/.m2/repository/org/springframework/spring-jcl/5.0.5.RELEASE/spring-jcl-5.0.5.RELEASE.jar:/home/knosence/.m2/repository/org/springframework/spring-test/5.0.5.RELEASE/spring-test-5.0.5.RELEASE.jar:/home/knosence/.m2/repository/org/xmlunit/xmlunit-core/2.5.1/xmlunit-core-2.5.1.jar:/home/knosence/.m2/repository/com/jayway/jsonpath/json-path/2.4.0/json-path-2.4.0.jar:/home/knosence/.m2/repository/net/minidev/json-smart/2.3/json-smart-2.3.jar:/home/knosence/.m2/repository/net/minidev/accessors-smart/1.2/accessors-smart-1.2.jar:/home/knosence/.m2/repository/org/ow2/asm/asm/5.0.4/asm-5.0.4.jar:/home/knosence/.m2/repository/org/slf4j/slf4j-api/1.7.25/slf4j-api-1.7.25.jar:, java.specification.name=Java Platform API Specification, java.class.version=52.0, sun.management.compiler=HotSpot 64-Bit Tiered Compilers, os.version=4.16.2-1-default, user.home=/home/knosence, user.timezone=America/New_York, java.awt.printerjob=sun.print.PSPrinterJob, file.encoding=UTF-8, java.specification.version=1.8, java.class.path=/home/knosence/Documents/codeBase/gs-rest-service-complete/target/test-classes:/home/knosence/Documents/codeBase/gs-rest-service-complete/target/classes:/home/knosence/.m2/repository/org/springframework/boot/spring-boot-starter-web/2.0.1.RELEASE/spring-boot-starter-web-2.0.1.RELEASE.jar:/home/knosence/.m2/repository/org/springframework/boot/spring-boot-starter/2.0.1.RELEASE/spring-boot-starter-2.0.1.RELEASE.jar:/home/knosence/.m2/repository/org/springframework/boot/spring-boot/2.0.1.RELEASE/spring-boot-2.0.1.RELEASE.jar:/home/knosence/.m2/repository/org/springframework/boot/spring-boot-autoconfigure/2.0.1.RELEASE/spring-boot-autoconfigure-2.0.1.RELEASE.jar:/home/knosence/.m2/repository/org/springframework/boot/spring-boot-starter-logging/2.0.1.RELEASE/spring-boot-starter-logging-2.0.1.RELEASE.jar:/home/knosence/.m2/repository/ch/qos/logback/logback-classic/1.2.3/logback-classic-1.2.3.jar:/home/knosence/.m2/repository/ch/qos/logback/logback-core/1.2.3/logback-core-1.2.3.jar:/home/knosence/.m2/repository/org/apache/logging/log4j/log4j-to-slf4j/2.10.0/log4j-to-slf4j-2.10.0.jar:/home/knosence/.m2/repository/org/apache/logging/log4j/log4j-api/2.10.0/log4j-api-2.10.0.jar:/home/knosence/.m2/repository/org/slf4j/jul-to-slf4j/1.7.25/jul-to-slf4j-1.7.25.jar:/home/knosence/.m2/repository/javax/annotation/javax.annotation-api/1.3.2/javax.annotation-api-1.3.2.jar:/home/knosence/.m2/repository/org/yaml/snakeyaml/1.19/snakeyaml-1.19.jar:/home/knosence/.m2/repository/org/springframework/boot/spring-boot-starter-json/2.0.1.RELEASE/spring-boot-starter-json-2.0.1.RELEASE.jar:/home/knosence/.m2/repository/com/fasterxml/jackson/core/jackson-databind/2.9.5/jackson-databind-2.9.5.jar:/home/knosence/.m2/repository/com/fasterxml/jackson/core/jackson-annotations/2.9.0/jackson-annotations-2.9.0.jar:/home/knosence/.m2/repository/com/fasterxml/jackson/core/jackson-core/2.9.5/jackson-core-2.9.5.jar:/home/knosence/.m2/repository/com/fasterxml/jackson/datatype/jackson-datatype-jdk8/2.9.5/jackson-datatype-jdk8-2.9.5.jar:/home/knosence/.m2/repository/com/fasterxml/jackson/datatype/jackson-datatype-jsr310/2.9.5/jackson-datatype-jsr310-2.9.5.jar:/home/knosence/.m2/repository/com/fasterxml/jackson/module/jackson-module-parameter-names/2.9.5/jackson-module-parameter-names-2.9.5.jar:/home/knosence/.m2/repository/org/springframework/boot/spring-boot-starter-tomcat/2.0.1.RELEASE/spring-boot-starter-tomcat-2.0.1.RELEASE.jar:/home/knosence/.m2/repository/org/apache/tomcat/embed/tomcat-embed-core/8.5.29/tomcat-embed-core-8.5.29.jar:/home/knosence/.m2/repository/org/apache/tomcat/embed/tomcat-embed-el/8.5.29/tomcat-embed-el-8.5.29.jar:/home/knosence/.m2/repository/org/apache/tomcat/embed/tomcat-embed-websocket/8.5.29/tomcat-embed-websocket-8.5.29.jar:/home/knosence/.m2/repository/org/hibernate/validator/hibernate-validator/6.0.9.Final/hibernate-validator-6.0.9.Final.jar:/home/knosence/.m2/repository/javax/validation/validation-api/2.0.1.Final/validation-api-2.0.1.Final.jar:/home/knosence/.m2/repository/org/jboss/logging/jboss-logging/3.3.2.Final/jboss-logging-3.3.2.Final.jar:/home/knosence/.m2/repository/com/fasterxml/classmate/1.3.4/classmate-1.3.4.jar:/home/knosence/.m2/repository/org/springframework/spring-web/5.0.5.RELEASE/spring-web-5.0.5.RELEASE.jar:/home/knosence/.m2/repository/org/springframework/spring-beans/5.0.5.RELEASE/spring-beans-5.0.5.RELEASE.jar:/home/knosence/.m2/repository/org/springframework/spring-webmvc/5.0.5.RELEASE/spring-webmvc-5.0.5.RELEASE.jar:/home/knosence/.m2/repository/org/springframework/spring-aop/5.0.5.RELEASE/spring-aop-5.0.5.RELEASE.jar:/home/knosence/.m2/repository/org/springframework/spring-context/5.0.5.RELEASE/spring-context-5.0.5.RELEASE.jar:/home/knosence/.m2/repository/org/springframework/spring-expression/5.0.5.RELEASE/spring-expression-5.0.5.RELEASE.jar:/home/knosence/.m2/repository/org/springframework/boot/spring-boot-starter-test/2.0.1.RELEASE/spring-boot-starter-test-2.0.1.RELEASE.jar:/home/knosence/.m2/repository/org/springframework/boot/spring-boot-test/2.0.1.RELEASE/spring-boot-test-2.0.1.RELEASE.jar:/home/knosence/.m2/repository/org/springframework/boot/spring-boot-test-autoconfigure/2.0.1.RELEASE/spring-boot-test-autoconfigure-2.0.1.RELEASE.jar:/home/knosence/.m2/repository/junit/junit/4.12/junit-4.12.jar:/home/knosence/.m2/repository/org/assertj/assertj-core/3.9.1/assertj-core-3.9.1.jar:/home/knosence/.m2/repository/org/mockito/mockito-core/2.15.0/mockito-core-2.15.0.jar:/home/knosence/.m2/repository/net/bytebuddy/byte-buddy/1.7.11/byte-buddy-1.7.11.jar:/home/knosence/.m2/repository/net/bytebuddy/byte-buddy-agent/1.7.11/byte-buddy-agent-1.7.11.jar:/home/knosence/.m2/repository/org/objenesis/objenesis/2.6/objenesis-2.6.jar:/home/knosence/.m2/repository/org/hamcrest/hamcrest-core/1.3/hamcrest-core-1.3.jar:/home/knosence/.m2/repository/org/hamcrest/hamcrest-library/1.3/hamcrest-library-1.3.jar:/home/knosence/.m2/repository/org/skyscreamer/jsonassert/1.5.0/jsonassert-1.5.0.jar:/home/knosence/.m2/repository/com/vaadin/external/google/android-json/0.0.20131108.vaadin1/android-json-0.0.20131108.vaadin1.jar:/home/knosence/.m2/repository/org/springframework/spring-core/5.0.5.RELEASE/spring-core-5.0.5.RELEASE.jar:/home/knosence/.m2/repository/org/springframework/spring-jcl/5.0.5.RELEASE/spring-jcl-5.0.5.RELEASE.jar:/home/knosence/.m2/repository/org/springframework/spring-test/5.0.5.RELEASE/spring-test-5.0.5.RELEASE.jar:/home/knosence/.m2/repository/org/xmlunit/xmlunit-core/2.5.1/xmlunit-core-2.5.1.jar:/home/knosence/.m2/repository/com/jayway/jsonpath/json-path/2.4.0/json-path-2.4.0.jar:/home/knosence/.m2/repository/net/minidev/json-smart/2.3/json-smart-2.3.jar:/home/knosence/.m2/repository/net/minidev/accessors-smart/1.2/accessors-smart-1.2.jar:/home/knosence/.m2/repository/org/ow2/asm/asm/5.0.4/asm-5.0.4.jar:/home/knosence/.m2/repository/org/slf4j/slf4j-api/1.7.25/slf4j-api-1.7.25.jar:, user.name=knosence, java.vm.specification.version=1.8, sun.java.command=/home/knosence/Documents/codeBase/gs-rest-service-complete/target/surefire/surefirebooter8475968333299054501.jar /home/knosence/Documents/codeBase/gs-rest-service-complete/target/surefire 2018-04-25T15-16-49_057-jvmRun1 surefire7006320313366381139tmp surefire_05218722564751455194tmp, java.home=/usr/lib64/jvm/java-1.8.0-openjdk-1.8.0/jre, sun.arch.data.model=64, user.language=en, java.specification.vendor=Oracle Corporation, awt.toolkit=sun.awt.X11.XToolkit, java.vm.info=mixed mode, java.version=1.8.0_161, java.ext.dirs=/usr/lib64/jvm/java-1.8.0-openjdk-1.8.0/jre/lib/ext:/usr/java/packages/lib/ext, sun.boot.class.path=/usr/lib64/jvm/java-1.8.0-openjdk-1.8.0/jre/lib/resources.jar:/usr/lib64/jvm/java-1.8.0-openjdk-1.8.0/jre/lib/rt.jar:/usr/lib64/jvm/java-1.8.0-openjdk-1.8.0/jre/lib/sunrsasign.jar:/usr/lib64/jvm/java-1.8.0-openjdk-1.8.0/jre/lib/jsse.jar:/usr/lib64/jvm/java-1.8.0-openjdk-1.8.0/jre/lib/jce.jar:/usr/lib64/jvm/java-1.8.0-openjdk-1.8.0/jre/lib/charsets.jar:/usr/lib64/jvm/java-1.8.0-openjdk-1.8.0/jre/lib/jfr.jar:/usr/lib64/jvm/java-1.8.0-openjdk-1.8.0/jre/classes, java.vendor=Oracle Corporation, localRepository=/home/knosence/.m2/repository, file.separator=/, java.vendor.url.bug=http://bugreport.sun.com/bugreport/, sun.io.unicode.encoding=UnicodeLittle, sun.cpu.endian=little, sun.cpu.isalist=}}, SystemEnvironmentPropertySource@131206411 {name='systemEnvironment', properties={PATH=/home/knosence/bin:/usr/local/bin:/usr/bin:/bin:/usr/lib/mit/sbin, XAUTHORITY=/home/knosence/.local/share/sddm/.Xauthority, XMODIFIERS=@im=local, XDG_DATA_DIRS=/home/knosence/.local/share/flatpak/exports/share:/var/lib/flatpak/exports/share:/usr/local/share:/usr/share, CONFIG_SITE=/usr/share/site/x86_64-unknown-linux-gnu, WINDOWMANAGER=/usr/bin/startkde, GTK_IM_MODULE=cedilla, CPU=x86_64, HOST=linux-gz59, DBUS_SESSION_BUS_ADDRESS=unix:path=/run/user/1000/bus, JRE_HOME=/usr/lib64/jvm/java/jre, XSESSION_IS_UP=yes, XDG_CURRENT_DESKTOP=KDE, MACHTYPE=x86_64-suse-linux, QT_AUTO_SCREEN_SCALE_FACTOR=0, G_FILENAME_ENCODING=@locale,UTF-8,ISO-8859-15,CP1252, MAIL=/var/spool/mail/knosence, SSH_AGENT_PID=2168, MINICOM=-c on, QT_SYSTEM_DIR=/usr/share/desktop-data, COLORTERM=1, CSHEDIT=emacs, XAUTHLOCALHOSTNAME=linux-gz59, SESSION_MANAGER=local/linux-gz59:@/tmp/.ICE-unix/2209,unix/linux-gz59:/tmp/.ICE-unix/2209, LS_OPTIONS=-N --color=tty -T 0, OSTYPE=linux, LOGNAME=knosence, ALSA_CONFIG_PATH=/etc/alsa-pulse.conf, JDK_HOME=/usr/lib64/jvm/java, PWD=/home/knosence/Documents/codeBase/gs-rest-service-complete, XCURSOR_THEME=breeze_cursors, KDE_SESSION_VERSION=5, LESSOPEN=lessopen.sh %s, SHELL=/bin/bash, PAGER=less, HOSTTYPE=x86_64, OLDPWD=/home/knosence/Documents/codeBase/gs-rest-service-complete, KDE_FULL_SESSION=true, GTK_MODULES=canberra-gtk-module, SSH_ASKPASS=/usr/lib/ssh/ssh-askpass, XDG_SESSION_PATH=/org/freedesktop/DisplayManager/Session2, LESS=-M -I -R, LC_CTYPE=en_US.UTF-8, XDG_SESSION_DESKTOP=KDE, LS_COLORS=no=00:fi=00:di=01;34:ln=00;36:pi=40;33:so=01;35:do=01;35:bd=40;33;01:cd=40;33;01:or=41;33;01:ex=00;32:*.cmd=00;32:*.exe=01;32:*.com=01;32:*.bat=01;32:*.btm=01;32:*.dll=01;32:*.tar=00;31:*.tbz=00;31:*.tgz=00;31:*.rpm=00;31:*.deb=00;31:*.arj=00;31:*.taz=00;31:*.lzh=00;31:*.lzma=00;31:*.zip=00;31:*.zoo=00;31:*.z=00;31:*.Z=00;31:*.gz=00;31:*.bz2=00;31:*.tb2=00;31:*.tz2=00;31:*.tbz2=00;31:*.xz=00;31:*.avi=01;35:*.bmp=01;35:*.dl=01;35:*.fli=01;35:*.gif=01;35:*.gl=01;35:*.jpg=01;35:*.jpeg=01;35:*.mkv=01;35:*.mng=01;35:*.mov=01;35:*.mp4=01;35:*.mpg=01;35:*.pcx=01;35:*.pbm=01;35:*.pgm=01;35:*.png=01;35:*.ppm=01;35:*.svg=01;35:*.tga=01;35:*.tif=01;35:*.webm=01;35:*.webp=01;35:*.wmv=01;35:*.xbm=01;35:*.xcf=01;35:*.xpm=01;35:*.aiff=00;32:*.ape=00;32:*.au=00;32:*.flac=00;32:*.m4a=00;32:*.mid=00;32:*.mp3=00;32:*.mpc=00;32:*.ogg=00;32:*.voc=00;32:*.wav=00;32:*.wma=00;32:*.wv=00;32:, BASH_FUNC_generate_command_executed_sequence%%=() {  printf '\e\7'
}, SHLVL=5, LESSCLOSE=lessclose.sh %s %s, QEMU_AUDIO_DRV=pa, MANPATH=/usr/local/man:/usr/share/man, QT_IM_MODULE=xim, HISTSIZE=1000, JAVA_BINDIR=/usr/lib64/jvm/java/bin, JAVA_ROOT=/usr/lib64/jvm/java, SDL_AUDIODRIVER=pulse, JAVA_HOME=/usr/lib64/jvm/java, KDE_SESSION_UID=1000, TERM=xterm-256color, XDG_CONFIG_DIRS=/etc/xdg, XDG_SEAT_PATH=/org/freedesktop/DisplayManager/Seat0, AUDIODRIVER=pulseaudio, LANG=en_US.UTF-8, XDG_SESSION_TYPE=x11, XDG_SESSION_ID=2, G_BROKEN_FILENAMES=1, GROOVY_HOME=/usr/share/groovy, DISPLAY=:0, PYTHONSTARTUP=/etc/pythonstart, LESSKEY=/etc/lesskey.bin, XNLSPATH=/usr/share/X11/nls, QT_IM_SWITCHER=imsw-multi, NNTPSERVER=news, FROM_HEADER=, MAVEN_CMD_LINE_ARGS= clean package, _=/usr/lib64/jvm/java-1.8.0-openjdk-1.8.0/jre/bin/java, XDG_SESSION_CLASS=user, SDK_HOME=/usr/lib64/jvm/java, PROFILEREAD=true, CVS_RSH=ssh, MAVEN_PROJECTBASEDIR=/home/knosence/Documents/codeBase/gs-rest-service-complete, DESKTOP_SESSION=/usr/share/xsessions/plasma5, GPG_TTY=/dev/pts/1, USER=knosence, XDG_SEAT=seat0, MORE=-sl, SSH_AUTH_SOCK=/tmp/ssh-BeYJWP2wwoQK/agent.2125, HOSTNAME=linux-gz59, GS_LIB=/home/knosence/.fonts, XKEYSYMDB=/usr/X11R6/lib/X11/XKeysymDB, LESS_ADVANCED_PREPROCESSOR=no, XDG_RUNTIME_DIR=/run/user/1000, XDG_VTNR=7, HOME=/home/knosence}}]
15:16:50.820 [main] DEBUG org.springframework.test.context.support.TestPropertySourceUtils - Adding inlined properties to environment: {spring.jmx.enabled=false, org.springframework.boot.test.context.SpringBootTestContextBootstrapper=true, server.port=-1}
15:16:50.820 [main] DEBUG org.springframework.core.env.StandardEnvironment - Adding PropertySource 'Inlined Test Properties' with highest search precedence

  .   ____          _            __ _ _
 /\\ / ___'_ __ _ _(_)_ __  __ _ \ \ \ \
( ( )\___ | '_ | '_| | '_ \/ _` | \ \ \ \
 \\/  ___)| |_)| | | | | || (_| |  ) ) ) )
  '  |____| .__|_| |_|_| |_\__, | / / / /
 =========|_|==============|___/=/_/_/_/
 :: Spring Boot ::        (v2.0.1.RELEASE)

2018-04-25 15:16:51.361  INFO 24927 --- [           main] hello.GreetingControllerTests            : Starting GreetingControllerTests with PID 24927 (started by knosence in /home/knosence/Documents/codeBase/gs-rest-service-complete)
2018-04-25 15:16:51.373  INFO 24927 --- [           main] hello.GreetingControllerTests            : No active profile set, falling back to default profiles: default
2018-04-25 15:16:51.452  INFO 24927 --- [           main] o.s.w.c.s.GenericWebApplicationContext   : Refreshing org.springframework.web.context.support.GenericWebApplicationContext@537f60bf: startup date [Wed Apr 25 15:16:51 EDT 2018]; root of context hierarchy
2018-04-25 15:16:53.525  INFO 24927 --- [           main] o.s.w.s.handler.SimpleUrlHandlerMapping  : Mapped URL path [/**/favicon.ico] onto handler of type [class org.springframework.web.servlet.resource.ResourceHttpRequestHandler]
2018-04-25 15:16:53.891  INFO 24927 --- [           main] s.w.s.m.m.a.RequestMappingHandlerAdapter : Looking for @ControllerAdvice: org.springframework.web.context.support.GenericWebApplicationContext@537f60bf: startup date [Wed Apr 25 15:16:51 EDT 2018]; root of context hierarchy
2018-04-25 15:16:54.034  INFO 24927 --- [           main] s.w.s.m.m.a.RequestMappingHandlerMapping : Mapped "{[/Classmates]}" onto public hello.model.Greeting hello.Controller.GreetingController.greeting(java.lang.String)
2018-04-25 15:16:54.045  INFO 24927 --- [           main] s.w.s.m.m.a.RequestMappingHandlerMapping : Mapped "{[/error],produces=[text/html]}" onto public org.springframework.web.servlet.ModelAndView org.springframework.boot.autoconfigure.web.servlet.error.BasicErrorController.errorHtml(javax.servlet.http.HttpServletRequest,javax.servlet.http.HttpServletResponse)
2018-04-25 15:16:54.047  INFO 24927 --- [           main] s.w.s.m.m.a.RequestMappingHandlerMapping : Mapped "{[/error]}" onto public org.springframework.http.ResponseEntity<java.util.Map<java.lang.String, java.lang.Object>> org.springframework.boot.autoconfigure.web.servlet.error.BasicErrorController.error(javax.servlet.http.HttpServletRequest)
2018-04-25 15:16:54.157  INFO 24927 --- [           main] o.s.w.s.handler.SimpleUrlHandlerMapping  : Mapped URL path [/webjars/**] onto handler of type [class org.springframework.web.servlet.resource.ResourceHttpRequestHandler]
2018-04-25 15:16:54.159  INFO 24927 --- [           main] o.s.w.s.handler.SimpleUrlHandlerMapping  : Mapped URL path [/**] onto handler of type [class org.springframework.web.servlet.resource.ResourceHttpRequestHandler]
2018-04-25 15:16:54.407  INFO 24927 --- [           main] o.s.b.t.m.w.SpringBootMockServletContext : Initializing Spring FrameworkServlet ''
2018-04-25 15:16:54.408  INFO 24927 --- [           main] o.s.t.web.servlet.TestDispatcherServlet  : FrameworkServlet '': initialization started
2018-04-25 15:16:54.422  INFO 24927 --- [           main] o.s.t.web.servlet.TestDispatcherServlet  : FrameworkServlet '': initialization completed in 14 ms
2018-04-25 15:16:54.513  INFO 24927 --- [           main] hello.GreetingControllerTests            : Started GreetingControllerTests in 3.66 seconds (JVM running for 4.98)

MockHttpServletRequest:
      HTTP Method = GET
      Request URI = /greeting
       Parameters = {}
          Headers = {}
             Body = null
    Session Attrs = {}

Handler:
             Type = org.springframework.web.servlet.resource.ResourceHttpRequestHandler

Async:
    Async started = false
     Async result = null

Resolved Exception:
             Type = null

ModelAndView:
        View name = null
             View = null
            Model = null

FlashMap:
       Attributes = null

MockHttpServletResponse:
           Status = 404
    Error message = null
          Headers = {}
     Content type = null
             Body = 
    Forwarded URL = null
   Redirected URL = null
          Cookies = []

MockHttpServletRequest:
      HTTP Method = GET
      Request URI = /greeting
       Parameters = {}
          Headers = {}
             Body = null
    Session Attrs = {}

Handler:
             Type = org.springframework.web.servlet.resource.ResourceHttpRequestHandler

Async:
    Async started = false
     Async result = null

Resolved Exception:
             Type = null

ModelAndView:
        View name = null
             View = null
            Model = null

FlashMap:
       Attributes = null

MockHttpServletResponse:
           Status = 404
    Error message = null
          Headers = {}
     Content type = null
             Body = 
    Forwarded URL = null
   Redirected URL = null
          Cookies = []
]]></system-out>
  </testcase>
  <testcase name="paramGreetingShouldReturnTailoredMessage" classname="hello.GreetingControllerTests" time="0.05">
    <failure message="Status expected:&lt;200&gt; but was:&lt;404&gt;" type="java.lang.AssertionError"><![CDATA[java.lang.AssertionError: Status expected:<200> but was:<404>
	at hello.GreetingControllerTests.paramGreetingShouldReturnTailoredMessage(GreetingControllerTests.java:50)
]]></failure>
    <system-out><![CDATA[
MockHttpServletRequest:
      HTTP Method = GET
      Request URI = /greeting
       Parameters = {name=[Spring Community]}
          Headers = {}
             Body = null
    Session Attrs = {}

Handler:
             Type = org.springframework.web.servlet.resource.ResourceHttpRequestHandler

Async:
    Async started = false
     Async result = null

Resolved Exception:
             Type = null

ModelAndView:
        View name = null
             View = null
            Model = null

FlashMap:
       Attributes = null

MockHttpServletResponse:
           Status = 404
    Error message = null
          Headers = {}
     Content type = null
             Body = 
    Forwarded URL = null
   Redirected URL = null
          Cookies = []

MockHttpServletRequest:
      HTTP Method = GET
      Request URI = /greeting
       Parameters = {}
          Headers = {}
             Body = null
    Session Attrs = {}

Handler:
             Type = org.springframework.web.servlet.resource.ResourceHttpRequestHandler

Async:
    Async started = false
     Async result = null

Resolved Exception:
             Type = null

ModelAndView:
        View name = null
             View = null
            Model = null

FlashMap:
       Attributes = null

MockHttpServletResponse:
           Status = 404
    Error message = null
          Headers = {}
     Content type = null
             Body = 
    Forwarded URL = null
   Redirected URL = null
          Cookies = []

MockHttpServletRequest:
      HTTP Method = GET
      Request URI = /greeting
       Parameters = {name=[Spring Community]}
          Headers = {}
             Body = null
    Session Attrs = {}

Handler:
             Type = org.springframework.web.servlet.resource.ResourceHttpRequestHandler

Async:
    Async started = false
     Async result = null

Resolved Exception:
             Type = null

ModelAndView:
        View name = null
             View = null
            Model = null

FlashMap:
       Attributes = null

MockHttpServletResponse:
           Status = 404
    Error message = null
          Headers = {}
     Content type = null
             Body = 
    Forwarded URL = null
   Redirected URL = null
          Cookies = []
]]></system-out>
  </testcase>
</testsuite>